<?xml version="1.0" encoding="UTF-8"?>
<testng-results ignored="0" total="1" passed="1" failed="0" skipped="0">
  <reporter-output>
  </reporter-output>
  <suite started-at="2023-04-07T11:45:17 IST" name="Suite" finished-at="2023-04-07T11:45:49 IST" duration-ms="32214">
    <groups>
    </groups>
    <test started-at="2023-04-07T11:45:17 IST" name="Test" finished-at="2023-04-07T11:45:49 IST" duration-ms="32214">
      <class name="BrowserLaunch.Chrome">
        <test-method is-config="true" signature="launchbrowser(java.lang.String)[pri:0, instance:BrowserLaunch.Chrome@5d1659ea]" started-at="2023-04-07T11:45:17 IST" name="launchbrowser" finished-at="2023-04-07T11:45:19 IST" duration-ms="1989" status="PASS">
          <params>
            <param index="0">
              <value>
                <![CDATA[chrome]]>
              </value>
            </param>
          </params>
          <reporter-output>
          </reporter-output>
        </test-method> <!-- launchbrowser -->
        <test-method signature="openingbrowser()[pri:0, instance:BrowserLaunch.Chrome@5d1659ea]" started-at="2023-04-07T11:45:19 IST" name="openingbrowser" finished-at="2023-04-07T11:45:48 IST" duration-ms="29063" status="PASS">
          <reporter-output>
          </reporter-output>
        </test-method> <!-- openingbrowser -->
        <test-method is-config="true" signature="TearDown()[pri:0, instance:BrowserLaunch.Chrome@5d1659ea]" started-at="2023-04-07T11:45:48 IST" name="TearDown" finished-at="2023-04-07T11:45:49 IST" duration-ms="1135" status="PASS">
          <reporter-output>
          </reporter-output>
        </test-method> <!-- TearDown -->
      </class> <!-- BrowserLaunch.Chrome -->
    </test> <!-- Test -->
  </suite> <!-- Suite -->
</testng-results>
